INFO 2017-03-06 11:51:54.389 /api/v1/users ::1 method=GET cost=30 status=200
INFO 2017-03-06 11:55:31.193 /api/v1/users ::1 method=GET cost=32 status=200
INFO 2017-03-06 11:55:33.693 /api/v1/users/22 ::1 method=GET cost=1 status=200
INFO 2017-03-06 11:55:47.114 /api/v1/users/22 ::1 method=GET cost=5 status=200
INFO 2017-03-06 11:57:12.012 /api/v1/users/22 ::1 method=GET cost=25 status=200
INFO 2017-03-06 12:43:11.664 /api/v1/users/22 ::1 method=GET cost=23 status=200
INFO 2017-03-06 12:53:02.427 /api/v1/users/22 ::1 method=GET cost=16 status=200
INFO 2017-03-06 12:54:44.879 /api/v1/users/22 ::1 method=GET cost=16 status=200
INFO 2017-03-06 13:07:16.931 /api/v1/animal ::1 method=GET cost=9 status=200
INFO 2017-03-06 13:39:03.144 /api/v1/animal ::1 method=GET cost=18 status=200
INFO 2017-03-06 13:39:04.358 /api/v1/users/22 ::1 method=GET cost=2 status=200
INFO 2017-03-06 13:47:40.153 /api/v1/users/22 ::1 method=GET cost=13 status=200
INFO 2017-03-06 13:48:55.834 /api/v1/users ::1 method=GET cost=11 status=200
INFO 2017-03-06 13:51:38.287 /api/v1/users ::1 method=GET cost=16 status=200
INFO 2017-03-06 13:51:47.531 /api/v1/users ::1 method=GET cost=3 status=200
INFO 2017-03-06 13:51:48.788 /api/v1/users/22 ::1 method=GET cost=1 status=200
INFO 2017-03-06 13:51:50.451 /api/v1/users ::1 method=GET cost=1 status=200
INFO 2017-03-06 13:56:06.738 /api/v1/users ::1 method=GET cost=26 status=200
INFO 2017-03-06 13:56:07.829 /api/v1/users/22 ::1 method=GET cost=3 status=200
INFO 2017-03-06 13:56:27.723 /api/v1/users/22 ::1 method=GET cost=19 status=200
INFO 2017-03-06 14:06:43.917 /api/v1/users/22 ::1 method=GET cost=15 status=200
INFO 2017-03-06 14:07:17.937 /api/v1/users/22 ::1 method=GET cost=12 status=200
INFO 2017-03-06 14:07:28.434 /api/v1/users/22 ::1 method=GET cost=13 status=200
INFO 2017-03-06 14:07:37.030 /api/v1/users/22 ::1 method=GET cost=9 status=200
INFO 2017-03-06 14:07:38.827 /api/v1/users/22 ::1 method=GET cost=1 status=200
INFO 2017-03-06 14:07:45.105 /api/v1/users/22 ::1 method=GET cost=10 status=200
INFO 2017-03-06 14:07:58.741 /api/v1/users/22 ::1 method=GET cost=12 status=200
INFO 2017-03-06 14:08:13.241 /api/v1/users/22 ::1 method=GET cost=14 status=200
INFO 2017-03-06 14:08:56.827 /api/v1/users/22 ::1 method=GET cost=518 status=200
INFO 2017-03-06 14:09:20.532 /api/v1/users/22 ::1 method=GET cost=1029 status=200
INFO 2017-03-06 14:09:47.022 /api/v1/users/22 ::1 method=GET cost=24 status=200
INFO 2017-03-06 14:09:49.585 /api/v1/users ::1 method=GET cost=5 status=200
INFO 2017-03-06 14:09:51.782 /api/v1/users ::1 method=GET cost=2 status=200
INFO 2017-03-06 16:09:22.832 /api/v1/users ::1 method=GET cost=29 status=200
INFO 2017-03-06 16:10:01.450 /api/v1/users ::1 method=GET cost=17 status=404
INFO 2017-03-06 16:10:25.035 /api/v1/users ::1 method=GET cost=22 status=200
INFO 2017-03-06 16:10:36.073 /api/v1/users ::1 method=GET cost=38 status=200
INFO 2017-03-06 16:10:51.332 /api/v1/users ::1 method=GET cost=19 status=200
INFO 2017-03-06 16:11:57.601 /api/v1/users ::1 method=GET cost=11 status=200
INFO 2017-03-06 16:12:23.785 /api/v1/users ::1 method=GET cost=19 status=200
INFO 2017-03-06 16:12:33.103 /api/v1/users ::1 method=GET cost=13 status=200
INFO 2017-03-06 16:12:40.164 /api/v1/users ::1 method=GET cost=12 status=200
INFO 2017-03-06 16:13:25.791 /api/v1/users ::1 method=GET cost=14 status=200
INFO 2017-03-06 16:13:53.443 /api/v1/users ::1 method=GET cost=13 status=200
INFO 2017-03-06 16:47:06.775 /api/v1/users ::1 method=GET cost=2 status=200
INFO 2017-03-06 16:53:23.417 /api/v1/user ::1 method=POST cost=37 status=200
INFO 2017-03-06 16:53:30.918 /api/v1/user ::1 method=POST cost=7 status=200
INFO 2017-03-06 16:53:44.002 /api/v1/user ::1 method=POST cost=2 status=200
INFO 2017-03-06 16:53:52.520 /api/v1/user ::1 method=POST cost=36 status=200
INFO 2017-03-06 16:54:00.655 /api/v1/user ::1 method=POST cost=8 status=200
INFO 2017-03-06 16:54:14.772 /api/v1/user ::1 method=POST cost=41 status=200
INFO 2017-03-06 16:54:31.478 /api/v1/user ::1 method=POST cost=13 status=200
INFO 2017-03-06 16:55:13.848 /api/v1/user ::1 method=POST cost=13 status=200
INFO 2017-03-06 16:55:23.851 /api/v1/user ::1 method=POST cost=13 status=204
INFO 2017-03-06 16:55:33.760 /api/v1/user ::1 method=POST cost=8 status=204
INFO 2017-03-06 16:55:40.716 /api/v1/user ::1 method=POST cost=8 status=204
INFO 2017-03-06 16:55:47.293 /api/v1/user ::1 method=POST cost=14 status=204
INFO 2017-03-06 16:56:13.167 /api/v1/user ::1 method=POST cost=2 status=204
INFO 2017-03-06 16:56:29.831 /api/v1/user ::1 method=POST cost=7 status=204
INFO 2017-03-06 16:56:36.051 /api/v1/user ::1 method=POST cost=24 status=204
INFO 2017-03-06 16:56:51.151 /api/v1/user ::1 method=POST cost=11 status=200
INFO 2017-03-06 16:56:59.732 /api/v1/user ::1 method=POST cost=3 status=200
INFO 2017-03-06 16:57:01.999 /api/v1/user ::1 method=POST cost=4 status=200
INFO 2017-03-06 16:57:03.620 /api/v1/user ::1 method=POST cost=1 status=200
INFO 2017-03-06 16:58:14.365 /api/v1/user ::1 method=POST cost=7 status=204
INFO 2017-03-06 16:58:38.995 /api/v1/user ::1 method=POST cost=28 status=200
INFO 2017-03-06 17:02:42.534 /api/v1/user ::1 method=POST cost=66 status=200
INFO 2017-03-06 17:02:59.474 /api/v1/user ::1 method=POST cost=66 status=200
INFO 2017-03-06 17:03:07.738 /api/v1/user ::1 method=POST cost=38 status=200
INFO 2017-03-06 17:05:22.067 /api/v1/users ::1 method=GET cost=22 status=200
INFO 2017-03-06 17:05:28.764 /api/v1/user ::1 method=POST cost=40 status=200
INFO 2017-03-06 17:05:30.355 /api/v1/users ::1 method=GET cost=1 status=200
INFO 2017-03-06 17:06:32.970 /api/v1/user ::1 method=POST cost=41 status=200
INFO 2017-03-06 17:07:02.379 /api/v1/users/22 ::1 method=GET cost=22 status=200
INFO 2017-03-06 17:07:07.228 /api/v1/animal ::1 method=GET cost=1 status=200
INFO 2017-03-06 17:07:08.141 /api/v1/users/22 ::1 method=GET cost=5 status=200
INFO 2017-03-06 17:08:32.232 /api/v1/users ::1 method=GET cost=16 status=200
INFO 2017-03-06 17:08:33.123 /api/v1/users ::1 method=GET cost=1 status=200
INFO 2017-03-06 17:08:42.929 /api/v1/users ::1 method=GET cost=26 status=200
INFO 2017-03-06 17:08:47.627 /api/v1/users ::1 method=GET cost=33 status=200
INFO 2017-03-06 17:12:16.225 /api/v1/users ::1 method=GET cost=39 status=200
INFO 2017-03-06 17:12:24.767 /api/v1/user ::1 method=POST cost=33 status=200
INFO 2017-03-06 17:12:27.010 /api/v1/users ::1 method=GET cost=4 status=200
INFO 2017-03-06 17:12:41.083 /api/v1/users ::1 method=GET cost=46 status=200
INFO 2017-03-06 17:14:42.855 /api/v1/users ::1 method=GET cost=32 status=200
INFO 2017-03-06 17:14:45.370 /api/v1/users/22 ::1 method=GET cost=1 status=200
INFO 2017-03-06 17:14:58.405 /api/v1/users/22 ::1 method=GET cost=33 status=200
INFO 2017-03-06 17:14:59.622 /api/v1/users/22 ::1 method=GET cost=3 status=200
INFO 2017-03-06 17:15:03.806 /api/v1/users ::1 method=GET cost=6 status=200
INFO 2017-03-06 17:15:08.460 /api/v1/users/58bd2658a221a96e720a91bc ::1 method=GET cost=3 status=200
INFO 2017-03-06 17:15:13.289 /api/v1/users ::1 method=GET cost=4 status=200
INFO 2017-03-06 17:27:22.068 /api/v1/users ::1 method=GET cost=27 status=200
INFO 2017-03-06 17:32:17.235 /api/v1/user ::1 method=POST cost=57 status=200
INFO 2017-03-06 17:32:29.506 /api/v1/user ::1 method=POST cost=58 status=200
INFO 2017-03-06 17:32:32.497 /api/v1/users ::1 method=GET cost=28 status=200
INFO 2017-03-06 17:32:37.081 /api/v1/users ::1 method=GET cost=4 status=200
INFO 2017-03-06 17:32:40.043 /api/v1/users/5 ::1 method=GET cost=2 status=200
INFO 2017-03-06 17:32:41.732 /api/v1/users ::1 method=GET cost=5 status=200
INFO 2017-03-06 17:32:59.568 /api/v1/user ::1 method=POST cost=55 status=200
INFO 2017-03-06 17:33:00.898 /api/v1/users ::1 method=GET cost=32 status=200
INFO 2017-03-06 17:33:46.212 /api/v1/user ::1 method=POST cost=51 status=200
INFO 2017-03-06 17:34:03.575 /api/v1/user ::1 method=POST cost=30 status=200
INFO 2017-03-06 17:34:18.230 /api/v1/user ::1 method=POST cost=34 status=200
INFO 2017-03-06 17:38:30.454 /api/v1/users ::1 method=GET cost=49 status=200
INFO 2017-03-06 17:40:25.179 /api/v1/users ::1 method=GET cost=4 status=200
INFO 2017-03-06 17:42:04.450 /api/v1/users ::1 method=GET cost=30 status=200
INFO 2017-03-06 17:42:07.082 /api/v1/users ::1 method=GET cost=4 status=200
INFO 2017-03-06 17:42:08.752 /api/v1/users ::1 method=GET cost=3 status=200
INFO 2017-03-06 17:42:18.876 /api/v1/users ::1 method=GET cost=44 status=200
INFO 2017-03-06 17:42:20.983 /api/v1/animal ::1 method=GET cost=1 status=200
INFO 2017-03-06 17:44:55.317 /api/v1/animal ::1 method=GET cost=10 status=200
INFO 2017-03-06 17:44:57.441 /api/v1/users ::1 method=GET cost=19 status=200
INFO 2017-03-06 17:46:29.284 /api/v1/user ::1 method=POST cost=41 status=200
INFO 2017-03-06 17:46:43.106 /api/v1/users ::1 method=GET cost=17 status=200
INFO 2017-03-06 17:46:46.639 /api/v1/user ::1 method=POST cost=3 status=200
INFO 2017-03-06 17:46:55.047 /api/v1/users ::1 method=GET cost=3 status=200
INFO 2017-03-06 17:47:03.908 /api/v1/user ::1 method=POST cost=3 status=200
INFO 2017-03-06 17:47:19.444 /api/v1/user ::1 method=POST cost=45 status=200
INFO 2017-03-06 17:47:52.117 /api/v1/user ::1 method=POST cost=53 status=200
INFO 2017-03-06 17:47:55.449 /api/v1/users ::1 method=GET cost=28 status=200
INFO 2017-03-06 17:48:00.984 /api/v1/user ::1 method=POST cost=2 status=200
INFO 2017-03-06 17:48:03.736 /api/v1/users ::1 method=GET cost=14 status=200
INFO 2017-03-06 17:48:36.838 /api/v1/user ::1 method=POST cost=45 status=200
INFO 2017-03-06 17:49:10.362 /api/v1/user ::1 method=POST cost=60 status=200
INFO 2017-03-06 17:49:46.719 /api/v1/user ::1 method=POST cost=41 status=200
INFO 2017-03-06 17:50:28.012 /api/v1/user ::1 method=POST cost=53 status=200
INFO 2017-03-06 17:51:08.341 /api/v1/user ::1 method=POST cost=69 status=200
INFO 2017-03-06 17:51:09.620 /api/v1/user ::1 method=POST cost=4 status=200
INFO 2017-03-06 17:51:25.214 /api/v1/user ::1 method=POST cost=44 status=200
INFO 2017-03-06 17:51:38.533 /api/v1/users ::1 method=GET cost=27 status=200
INFO 2017-03-06 17:52:46.198 /api/v1/users ::1 method=GET cost=51 status=200
INFO 2017-03-06 17:52:48.245 /api/v1/user ::1 method=POST cost=41 status=204
INFO 2017-03-06 17:53:33.880 /api/v1/user ::1 method=POST cost=52 status=204
INFO 2017-03-06 17:53:41.554 /api/v1/user ::1 method=POST cost=3 status=204
INFO 2017-03-06 17:53:46.580 /api/v1/users ::1 method=GET cost=36 status=200
INFO 2017-03-06 17:54:03.043 /api/v1/user ::1 method=POST cost=62 status=204
INFO 2017-03-06 17:54:11.672 /api/v1/users ::1 method=GET cost=47 status=200
INFO 2017-03-06 17:55:37.019 /api/v1/user ::1 method=POST cost=45 status=200
INFO 2017-03-06 17:55:44.764 /api/v1/user ::1 method=POST cost=55 status=200
INFO 2017-03-06 17:55:59.264 /api/v1/user ::1 method=POST cost=46 status=200
INFO 2017-03-06 17:56:27.929 /api/v1/users ::1 method=GET cost=40 status=200
INFO 2017-03-06 17:59:28.756 /api/v1/user ::1 method=POST cost=152 status=200
INFO 2017-03-06 18:00:44.055 /api/v1/user ::1 method=POST cost=41 status=200
INFO 2017-03-06 18:00:57.174 /api/v1/user ::1 method=POST cost=47 status=200
INFO 2017-03-06 18:03:10.323 /api/v1/user ::1 method=POST cost=64 status=200
INFO 2017-03-06 18:03:35.405 /api/v1/user ::1 method=POST cost=57 status=200
INFO 2017-03-06 18:07:08.117 /api/v1/users ::1 method=GET cost=32 status=200
INFO 2017-03-06 18:11:01.412 /api/v1/users/58bd2658a221a96e720a91bc ::1 method=DELETE cost=59 status=200
INFO 2017-03-06 18:13:02.091 /api/v1/users ::1 method=GET cost=17 status=200
INFO 2017-03-06 18:13:09.736 /api/v1/users/58bd2658a221a96e720a91bc ::1 method=DELETE cost=3 status=200
INFO 2017-03-06 18:13:12.164 /api/v1/users ::1 method=GET cost=3 status=200
INFO 2017-03-06 18:13:14.009 /api/v1/users ::1 method=GET cost=2 status=200
INFO 2017-03-06 18:13:22.921 /api/v1/users/58bd304816f44671435c7f20 ::1 method=DELETE cost=1 status=200
INFO 2017-03-06 18:13:24.790 /api/v1/users ::1 method=GET cost=3 status=200
INFO 2017-03-06 18:14:18.831 /api/v1/users/58bd304816f44671435c7f20 ::1 method=DELETE cost=15 status=200
INFO 2017-03-06 18:14:23.143 /api/v1/users ::1 method=GET cost=25 status=200
INFO 2017-03-06 18:14:29.696 /api/v1/users ::1 method=GET cost=9 status=200
INFO 2017-03-06 18:14:37.269 /api/v1/users/58bd304816f44671435c7f20 ::1 method=DELETE cost=3 status=200
INFO 2017-03-06 18:14:38.864 /api/v1/users ::1 method=GET cost=17 status=200
INFO 2017-03-06 18:36:50.294 /api/v1/users/58bd304816f44671435c7f20 ::1 method=DELETE cost=61 status=200
INFO 2017-03-06 18:36:52.858 /api/v1/users ::1 method=GET cost=19 status=200
INFO 2017-03-06 18:37:03.041 /api/v1/users ::1 method=GET cost=37 status=200
INFO 2017-03-06 18:37:17.408 /api/v1/users/58bd304816f44671435c7f20 ::1 method=DELETE cost=35 status=200
INFO 2017-03-06 18:37:18.880 /api/v1/users ::1 method=GET cost=19 status=200
INFO 2017-03-06 18:37:30.383 /api/v1/users/58bd304816f44671435c7f20 ::1 method=DELETE cost=13 status=200
INFO 2017-03-06 18:37:51.971 /api/v1/users/58bd304816f44671435c7f20 ::1 method=DELETE cost=28 status=200
INFO 2017-03-06 18:38:05.419 /api/v1/users/58bd304816f44671435c7f20 ::1 method=DELETE cost=38 status=200
INFO 2017-03-06 18:39:31.700 /api/v1/users/58bd304816f44671435c7f20 ::1 method=DELETE cost=33 status=200
INFO 2017-03-06 18:39:48.542 /api/v1/users ::1 method=GET cost=33 status=200
INFO 2017-03-06 18:39:54.038 /api/v1/users/58bd2698fc484e6e883562a3 ::1 method=DELETE cost=6 status=200
INFO 2017-03-06 18:39:55.311 /api/v1/users ::1 method=GET cost=5 status=200
INFO 2017-03-06 18:40:00.139 /api/v1/users/58bd2658a221a96e720a91bc ::1 method=DELETE cost=6 status=200
INFO 2017-03-06 18:40:01.057 /api/v1/users ::1 method=GET cost=3 status=200
INFO 2017-03-06 18:40:06.932 /api/v1/users/58bd27f8f52c3c6ee909939d ::1 method=DELETE cost=16 status=200
INFO 2017-03-06 18:40:08.377 /api/v1/users ::1 method=GET cost=3 status=200
INFO 2017-03-06 18:40:17.936 /api/v1/users/58bd2ca1ab56cc702cc66de5 ::1 method=DELETE cost=6 status=200
INFO 2017-03-06 18:40:28.323 /api/v1/user ::1 method=POST cost=47 status=200
INFO 2017-03-06 18:40:30.881 /api/v1/users ::1 method=GET cost=4 status=200
INFO 2017-03-06 18:43:36.219 /api/v1/users ::1 method=GET cost=31 status=200
INFO 2017-03-06 18:43:56.563 /api/v1/users/58bd3c9c83222d74c7365257 ::1 method=PUT cost=26 status=200
INFO 2017-03-06 18:44:00.634 /api/v1/users ::1 method=GET cost=3 status=200
INFO 2017-03-06 18:44:13.434 /api/v1/users ::1 method=GET cost=30 status=200
INFO 2017-03-06 18:46:11.939 /api/v1/users/58bd3c9c83222d74c7365257 ::1 method=PUT cost=62 status=200
INFO 2017-03-06 18:46:18.263 /api/v1/users ::1 method=GET cost=15 status=200
INFO 2017-03-06 18:49:17.679 /api/v1/users ::1 method=GET cost=27 status=200
INFO 2017-03-06 18:49:31.344 /api/v1/user ::1 method=POST cost=53 status=200
INFO 2017-03-06 18:49:33.199 /api/v1/users ::1 method=GET cost=6 status=200
INFO 2017-03-06 18:49:38.370 /api/v1/users ::1 method=GET cost=24 status=200
INFO 2017-03-06 18:50:48.206 /api/v1/users ::1 method=GET cost=33 status=200
INFO 2017-03-06 18:50:53.625 /api/v1/users ::1 method=GET cost=28 status=200
INFO 2017-03-06 18:51:01.756 /api/v1/users ::1 method=GET cost=14 status=200
INFO 2017-03-06 18:52:34.490 /api/v1/users ::1 method=GET cost=94 status=200
INFO 2017-03-06 18:52:58.420 /api/v1/users ::1 method=GET cost=119 status=200
INFO 2017-03-06 18:53:04.796 /api/v1/user ::1 method=POST cost=44 status=200
INFO 2017-03-06 18:53:04.958 /api/v1/user ::1 method=POST cost=18 status=200
INFO 2017-03-06 18:53:05.130 /api/v1/user ::1 method=POST cost=5 status=200
INFO 2017-03-06 18:53:05.287 /api/v1/user ::1 method=POST cost=9 status=200
INFO 2017-03-06 18:53:05.450 /api/v1/user ::1 method=POST cost=9 status=200
INFO 2017-03-06 18:53:05.612 /api/v1/user ::1 method=POST cost=6 status=200
INFO 2017-03-06 18:53:05.794 /api/v1/user ::1 method=POST cost=5 status=200
INFO 2017-03-06 18:53:05.952 /api/v1/user ::1 method=POST cost=9 status=200
INFO 2017-03-06 18:53:06.106 /api/v1/user ::1 method=POST cost=4 status=200
INFO 2017-03-06 18:53:06.271 /api/v1/user ::1 method=POST cost=2 status=200
INFO 2017-03-06 18:53:06.457 /api/v1/user ::1 method=POST cost=4 status=200
INFO 2017-03-06 18:53:06.604 /api/v1/user ::1 method=POST cost=2 status=200
INFO 2017-03-06 18:53:06.777 /api/v1/user ::1 method=POST cost=8 status=200
INFO 2017-03-06 18:53:06.950 /api/v1/user ::1 method=POST cost=9 status=200
INFO 2017-03-06 18:53:07.135 /api/v1/user ::1 method=POST cost=18 status=200
INFO 2017-03-06 18:53:07.285 /api/v1/user ::1 method=POST cost=10 status=200
INFO 2017-03-06 18:53:07.459 /api/v1/user ::1 method=POST cost=5 status=200
INFO 2017-03-06 18:53:07.622 /api/v1/user ::1 method=POST cost=5 status=200
INFO 2017-03-06 18:53:07.818 /api/v1/user ::1 method=POST cost=7 status=200
INFO 2017-03-06 18:53:07.998 /api/v1/user ::1 method=POST cost=7 status=200
INFO 2017-03-06 18:53:08.171 /api/v1/user ::1 method=POST cost=2 status=200
INFO 2017-03-06 18:53:08.338 /api/v1/user ::1 method=POST cost=4 status=200
INFO 2017-03-06 18:53:08.518 /api/v1/user ::1 method=POST cost=12 status=200
INFO 2017-03-06 18:53:08.684 /api/v1/user ::1 method=POST cost=7 status=200
INFO 2017-03-06 18:53:08.854 /api/v1/user ::1 method=POST cost=10 status=200
INFO 2017-03-06 18:53:09.030 /api/v1/user ::1 method=POST cost=6 status=200
INFO 2017-03-06 18:53:09.210 /api/v1/user ::1 method=POST cost=7 status=200
INFO 2017-03-06 18:53:09.404 /api/v1/user ::1 method=POST cost=9 status=200
INFO 2017-03-06 18:53:09.561 /api/v1/user ::1 method=POST cost=8 status=200
INFO 2017-03-06 18:53:09.735 /api/v1/user ::1 method=POST cost=9 status=200
INFO 2017-03-06 18:53:09.911 /api/v1/user ::1 method=POST cost=9 status=200
INFO 2017-03-06 18:53:10.098 /api/v1/user ::1 method=POST cost=4 status=200
INFO 2017-03-06 18:53:10.273 /api/v1/user ::1 method=POST cost=4 status=200
INFO 2017-03-06 18:53:10.445 /api/v1/user ::1 method=POST cost=3 status=200
INFO 2017-03-06 18:53:10.628 /api/v1/user ::1 method=POST cost=7 status=200
INFO 2017-03-06 18:53:11.775 /api/v1/users ::1 method=GET cost=37 status=200
INFO 2017-03-06 18:59:22.594 /api/v1/users ::1 method=GET cost=123 status=200
INFO 2017-03-06 19:01:00.177 /api/v1/users ::1 method=GET cost=14 status=200
INFO 2017-03-06 19:01:28.795 /api/v1/users ::1 method=GET cost=193 status=200
INFO 2017-03-06 19:02:28.882 /api/v1/users ::1 method=GET cost=108 status=200
INFO 2017-03-06 19:02:32.453 /api/v1/users ::1 method=GET cost=9 status=200
